<?xml version="1.0" encoding="UTF-8"?>
<!-- Generated by org.testng.reporters.JUnitXMLReporter -->
<testsuite hostname="A2ML20943" ignored="0" name="Default test" tests="5" failures="0" timestamp="11 May 2020 18:48:26 GMT" time="149.026" errors="0">
  <testcase name="cardDetailsNegativeFlow" time="51.051" classname="com.flightbooking.testcaserunner.TestRunner"/>
  <testcase name="flightDatesNegativeFlow" time="30.454" classname="com.flightbooking.testcaserunner.TestRunner"/>
  <testcase name="onewayTripTestFlow" time="23.279" classname="com.flightbooking.testcaserunner.TestRunner"/>
  <testcase name="registrationNegativeFlow" time="8.171" classname="com.flightbooking.testcaserunner.TestRunner"/>
  <testcase name="roundwayFlightFlow" time="35.863" classname="com.flightbooking.testcaserunner.TestRunner"/>
</testsuite> <!-- Default test -->
