<?xml version="1.0" encoding="UTF-8"?>
<!-- Generated by org.testng.reporters.JUnitXMLReporter -->
<testsuite hostname="A2ML20943" ignored="2" name="Negative Test" tests="3" failures="0" timestamp="12 May 2020 17:46:40 GMT" time="38.971" errors="0">
  <testcase name="registrationNegativeFlow" time="11.011" classname="com.flightbooking.testcaserunner.TestRunner"/>
  <testcase name="cardDetailsNegativeFlow" time="18.016" classname="com.flightbooking.testcaserunner.TestRunner"/>
  <testcase name="flightDatesNegativeFlow" time="9.924" classname="com.flightbooking.testcaserunner.TestRunner"/>
  <testcase name="roundwayFlightFlow" time="0.0" classname="com.flightbooking.testcaserunner.TestRunner">
    <ignored/>
  </testcase> <!-- roundwayFlightFlow -->
  <testcase name="onewayTripTestFlow" time="0.0" classname="com.flightbooking.testcaserunner.TestRunner">
    <ignored/>
  </testcase> <!-- onewayTripTestFlow -->
</testsuite> <!-- Negative Test -->
