<?xml version="1.0" encoding="UTF-8"?>
<!-- Generated by org.testng.reporters.JUnitXMLReporter -->
<testsuite hostname="A2ML20943" ignored="3" name="Positive Test" tests="2" failures="0" timestamp="12 May 2020 17:46:01 GMT" time="0.221" errors="0">
  <testcase name="roundwayFlightFlow" time="0.042" classname="com.flightbooking.testcaserunner.TestRunner"/>
  <testcase name="onewayTripTestFlow" time="0.004" classname="com.flightbooking.testcaserunner.TestRunner"/>
  <testcase name="registrationNegativeFlow" time="0.0" classname="com.flightbooking.testcaserunner.TestRunner">
    <ignored/>
  </testcase> <!-- registrationNegativeFlow -->
  <testcase name="flightDatesNegativeFlow" time="0.0" classname="com.flightbooking.testcaserunner.TestRunner">
    <ignored/>
  </testcase> <!-- flightDatesNegativeFlow -->
  <testcase name="cardDetailsNegativeFlow" time="0.0" classname="com.flightbooking.testcaserunner.TestRunner">
    <ignored/>
  </testcase> <!-- cardDetailsNegativeFlow -->
</testsuite> <!-- Positive Test -->
